<?xml version="1.0" encoding="UTF-8"?>
<!-- Generated by org.testng.reporters.JUnitReportReporter -->
<testsuite hostname="KairosHW0347" failures="0" tests="1" name="com.testscripts.TC_001Login" time="10.914" errors="0" timestamp="2023-10-16T18:32:51 IST" skipped="0">
  <testcase classname="com.testscripts.TC_001Login" name="buyingProduct" time="10.914"/>
</testsuite> <!-- com.testscripts.TC_001Login -->
