<?xml version="1.0" encoding="UTF-8"?>
<!-- Generated by org.testng.reporters.JUnitReportReporter -->
<testsuite hostname="KairosHW0347" failures="0" tests="1" name="com.testscripts.TC_001Login" time="9.630" errors="0" timestamp="2023-10-16T12:24:57 IST" skipped="0">
  <testcase classname="com.testscripts.TC_001Login" name="buyingProduct" time="9.630"/>
</testsuite> <!-- com.testscripts.TC_001Login -->
